{
  "RSpec": {
    "coverage": {
      "/home/getbrandao/workspace/app-rightGift/api-rightGift_v.0.1-a/spec/controllers/social_kinds/v1/index_action_spec.rb": [
        1,
        null,
        1,
        3,
        1,
        null,
        1,
        1,
        2,
        2,
        2,
        2,
        null,
        null,
        1,
        1,
        1,
        1,
        null,
        1,
        1,
        1,
        1,
        1,
        null,
        null,
        null,
        null,
        null,
        null
      ],
      "/home/getbrandao/workspace/app-rightGift/api-rightGift_v.0.1-a/spec/rails_helper.rb": [
        null,
        1,
        1,
        1,
        null,
        1,
        1,
        null,
        null,
        null,
        null,
        null,
        null,
        null,
        null,
        null,
        null,
        null,
        null,
        null,
        null,
        null,
        3,
        null,
        null,
        null,
        1,
        null,
        1,
        null,
        1,
        1,
        null,
        null,
        1,
        null,
        null,
        null,
        null,
        1,
        null,
        null,
        null,
        null,
        null,
        null,
        null,
        null,
        null,
        null,
        null,
        null,
        null,
        null,
        1,
        null,
        null,
        1,
        null,
        null,
        null
      ],
      "/home/getbrandao/workspace/app-rightGift/api-rightGift_v.0.1-a/config/environment.rb": [
        null,
        1,
        null,
        null,
        1
      ],
      "/home/getbrandao/workspace/app-rightGift/api-rightGift_v.0.1-a/config/application.rb": [
        1,
        null,
        1,
        null,
        1,
        1,
        1,
        1,
        1,
        1,
        1,
        null,
        null,
        null,
        null,
        null,
        1,
        null,
        1,
        1,
        null,
        1,
        null,
        null,
        null,
        null,
        null,
        null,
        null,
        1,
        null,
        null,
        null,
        null,
        1,
        null,
        null,
        null,
        null,
        null,
        1,
        1,
        1,
        null,
        1,
        1,
        null,
        1,
        null,
        null
      ],
      "/home/getbrandao/workspace/app-rightGift/api-rightGift_v.0.1-a/config/boot.rb": [
        1,
        null,
        1
      ],
      "/home/getbrandao/workspace/app-rightGift/api-rightGift_v.0.1-a/config/spring.rb": [
        null,
        null,
        null,
        null,
        null,
        5
      ],
      "/home/getbrandao/workspace/app-rightGift/api-rightGift_v.0.1-a/config/environments/test.rb": [
        1,
        null,
        null,
        1,
        null,
        null,
        null,
        null,
        null,
        null,
        null,
        null,
        1,
        null,
        null,
        null,
        null,
        1,
        null,
        null,
        1,
        1,
        null,
        null,
        null,
        null,
        1,
        1,
        null,
        null,
        1,
        null,
        null,
        1,
        1,
        null,
        null,
        null,
        null,
        1,
        null,
        null,
        1,
        null,
        null,
        null,
        null
      ],
      "/home/getbrandao/workspace/app-rightGift/api-rightGift_v.0.1-a/config/initializers/ams.rb": [
        null,
        1
      ],
      "/home/getbrandao/workspace/app-rightGift/api-rightGift_v.0.1-a/config/initializers/application_controller_renderer.rb": [
        null,
        null,
        null,
        null,
        null,
        null
      ],
      "/home/getbrandao/workspace/app-rightGift/api-rightGift_v.0.1-a/config/initializers/backtrace_silencers.rb": [
        null,
        null,
        null,
        null,
        null,
        null,
        null
      ],
      "/home/getbrandao/workspace/app-rightGift/api-rightGift_v.0.1-a/config/initializers/cors.rb": [
        null,
        null,
        null,
        null,
        null,
        null,
        null,
        null,
        null,
        null,
        null,
        null,
        null,
        null,
        null,
        null
      ],
      "/home/getbrandao/workspace/app-rightGift/api-rightGift_v.0.1-a/config/initializers/devise.rb": [
        1,
        null,
        null,
        1,
        null,
        null,
        null,
        null,
        1,
        null,
        1,
        1,
        null,
        0,
        null,
        null
      ],
      "/home/getbrandao/workspace/app-rightGift/api-rightGift_v.0.1-a/config/initializers/devise_token_auth.rb": [
        1,
        null,
        null,
        null,
        null,
        null,
        null,
        null,
        null,
        null,
        null,
        null,
        null,
        null,
        null,
        null,
        null,
        null,
        null,
        null,
        null,
        null,
        null,
        null,
        1,
        null,
        null,
        null,
        null,
        null,
        null,
        null,
        null,
        null,
        null,
        null,
        null,
        null,
        null,
        null,
        null,
        null,
        null,
        null,
        null,
        null,
        null,
        1,
        null
      ],
      "/home/getbrandao/workspace/app-rightGift/api-rightGift_v.0.1-a/config/initializers/filter_parameter_logging.rb": [
        null,
        null,
        null,
        1
      ],
      "/home/getbrandao/workspace/app-rightGift/api-rightGift_v.0.1-a/config/initializers/inflections.rb": [
        null,
        null,
        null,
        null,
        null,
        null,
        null,
        null,
        null,
        null,
        null,
        null,
        null,
        null,
        null,
        null
      ],
      "/home/getbrandao/workspace/app-rightGift/api-rightGift_v.0.1-a/config/initializers/mime_types.rb": [
        null,
        null,
        null,
        null,
        null,
        null,
        null,
        null,
        null,
        null,
        1
      ],
      "/home/getbrandao/workspace/app-rightGift/api-rightGift_v.0.1-a/config/initializers/omniauth.rb": [
        null,
        1,
        1,
        1,
        1,
        null
      ],
      "/home/getbrandao/workspace/app-rightGift/api-rightGift_v.0.1-a/config/initializers/session_store.rb": [
        1
      ],
      "/home/getbrandao/workspace/app-rightGift/api-rightGift_v.0.1-a/config/initializers/wrap_parameters.rb": [
        null,
        null,
        null,
        null,
        null,
        null,
        1,
        2,
        null,
        null,
        null,
        null,
        null,
        null
      ],
      "/home/getbrandao/workspace/app-rightGift/api-rightGift_v.0.1-a/spec/factories/login.rb": [
        1,
        1,
        1,
        1,
        null,
        null
      ],
      "/home/getbrandao/workspace/app-rightGift/api-rightGift_v.0.1-a/spec/factories/social_kinds.rb": [
        1,
        1,
        1,
        null,
        null
      ],
      "/home/getbrandao/workspace/app-rightGift/api-rightGift_v.0.1-a/spec/factories/users.rb": [
        1,
        1,
        1,
        1,
        1,
        null,
        null
      ],
      "/home/getbrandao/workspace/app-rightGift/api-rightGift_v.0.1-a/config/routes.rb": [
        1,
        1,
        null,
        1,
        1,
        null,
        null
      ],
      "/home/getbrandao/workspace/app-rightGift/api-rightGift_v.0.1-a/app/models/v1/user.rb": [
        1,
        1,
        null,
        1,
        null,
        null,
        1,
        null,
        null
      ],
      "/home/getbrandao/workspace/app-rightGift/api-rightGift_v.0.1-a/app/helpers/get_model_name_helper.rb": [
        1,
        1,
        4,
        4,
        4,
        null,
        null
      ],
      "/home/getbrandao/workspace/app-rightGift/api-rightGift_v.0.1-a/spec/support/factory_girl.rb": [
        null,
        1,
        1,
        null
      ],
      "/home/getbrandao/workspace/app-rightGift/api-rightGift_v.0.1-a/spec/support/helpers/application_helper.rb": [
        1,
        1,
        3,
        3,
        null,
        null
      ],
      "/home/getbrandao/workspace/app-rightGift/api-rightGift_v.0.1-a/app/controllers/v1/social_kinds_controller.rb": [
        1,
        1,
        1,
        1,
        null,
        null,
        1,
        3,
        null,
        null,
        null,
        1,
        1,
        null,
        null,
        1,
        1,
        1,
        null,
        null,
        1,
        4,
        null,
        null,
        null,
        null
      ],
      "/home/getbrandao/workspace/app-rightGift/api-rightGift_v.0.1-a/app/controllers/application_controller.rb": [
        1,
        1,
        null,
        1,
        null,
        null,
        null,
        null,
        null,
        null,
        null,
        null,
        null,
        null,
        null,
        null,
        null,
        null
      ],
      "/home/getbrandao/workspace/app-rightGift/api-rightGift_v.0.1-a/spec/controllers/social_kinds/v1/show_action_spec.rb": [
        1,
        null,
        1,
        2,
        2,
        null,
        null,
        1,
        1,
        1,
        1,
        1,
        1,
        null,
        null,
        1,
        1,
        1,
        1,
        null,
        null,
        null,
        null,
        null,
        null
      ],
      "/home/getbrandao/workspace/app-rightGift/api-rightGift_v.0.1-a/spec/models/v1/social_kind_spec.rb": [
        1,
        null,
        1,
        3,
        2,
        2,
        null,
        1,
        1,
        1,
        1,
        1,
        null,
        null,
        null,
        1,
        1,
        1,
        null,
        null,
        null,
        null,
        null,
        null
      ],
      "/home/getbrandao/workspace/app-rightGift/api-rightGift_v.0.1-a/app/models/v1/social_kind.rb": [
        1,
        1,
        null,
        null,
        null
      ],
      "/home/getbrandao/workspace/app-rightGift/api-rightGift_v.0.1-a/app/models/application_record.rb": [
        1,
        1,
        null
      ],
      "/home/getbrandao/workspace/app-rightGift/api-rightGift_v.0.1-a/spec/models/v1/user_spec.rb": [
        1,
        null,
        1,
        3,
        2,
        2,
        null,
        1,
        1,
        1,
        1,
        null,
        null,
        null,
        1,
        1,
        1,
        null,
        null,
        null,
        null,
        null,
        null
      ],
      "/home/getbrandao/workspace/app-rightGift/api-rightGift_v.0.1-a/spec/services/social_kinds/v1/find_spec.rb": [
        1,
        null,
        1,
        4,
        4,
        4,
        4,
        4,
        4,
        null,
        1,
        null,
        1,
        3,
        3,
        3,
        3,
        null,
        null,
        1,
        1,
        1,
        null,
        null,
        null,
        1,
        1,
        1,
        null,
        1,
        1,
        null,
        null,
        null,
        null
      ],
      "/home/getbrandao/workspace/app-rightGift/api-rightGift_v.0.1-a/app/services/v1/social_kinds/find_service.rb": [
        1,
        1,
        1,
        1,
        4,
        null,
        null,
        1,
        7,
        null,
        null,
        null,
        null
      ],
      "/home/getbrandao/workspace/app-rightGift/api-rightGift_v.0.1-a/app/serializers/v1/social_kind_serializer.rb": [
        1,
        1,
        1,
        null,
        7,
        null,
        null
      ]
    },
    "timestamp": 1497655842
  }
}
